


ARM Macro Assembler    Page 1 


    1 00000000         ;/*!
    2 00000000         ; * @file       startup_apm32f051.s
    3 00000000         ; *
    4 00000000         ; * @brief      CMSIS Cortex-M0 PLUS based Core Device S
                       tartup File for Device startup_apm32f030
    5 00000000         ; *
    6 00000000         ; * @version    V1.0.2
    7 00000000         ; *
    8 00000000         ; * @date       2022-02-21
    9 00000000         ; *
   10 00000000         ; * @attention
   11 00000000         ; *
   12 00000000         ; *  Copyright (C) 2020-2022 Geehy Semiconductor
   13 00000000         ; *
   14 00000000         ; *  You may not use this file except in compliance with
                        the
   15 00000000         ; *  GEEHY COPYRIGHT NOTICE (GEEHY SOFTWARE PACKAGE LICE
                       NSE).
   16 00000000         ; *
   17 00000000         ; *  The program is only for reference, which is distrib
                       uted in the hope
   18 00000000         ; *  that it will be useful and instructional for custom
                       ers to develop
   19 00000000         ; *  their software. Unless required by applicable law o
                       r agreed to in
   20 00000000         ; *  writing, the program is distributed on an "AS IS" B
                       ASIS, WITHOUT
   21 00000000         ; *  ANY WARRANTY OR CONDITIONS OF ANY KIND, either expr
                       ess or implied.
   22 00000000         ; *  See the GEEHY SOFTWARE PACKAGE LICENSE for the gove
                       rning permissions
   23 00000000         ; *  and limitations under the License.
   24 00000000         ; */
   25 00000000         
   26 00000000         ; <h> Stack Configuration
   27 00000000         ;  <o> Stack Size (in Bytes) <0x0-0xFFFFFFFF:8>
   28 00000000         ; </h>
   29 00000000         
   30 00000000 00000400 
                       Stack_Size
                               EQU              0x00000400
   31 00000000         
   32 00000000                 AREA             STACK, NOINIT, READWRITE, ALIGN
=3
   33 00000000         Stack_Mem
                               SPACE            Stack_Size
   34 00000400         __initial_sp
   35 00000400         
   36 00000400         
   37 00000400         ; <h> Heap Configuration
   38 00000400         ;   <o>  Heap Size (in Bytes) <0x0-0xFFFFFFFF:8>
   39 00000400         ; </h>
   40 00000400         
   41 00000400 00000200 
                       Heap_Size
                               EQU              0x00000200
   42 00000400         
   43 00000400                 AREA             HEAP, NOINIT, READWRITE, ALIGN=
3



ARM Macro Assembler    Page 2 


   44 00000000         __heap_base
   45 00000000         Heap_Mem
                               SPACE            Heap_Size
   46 00000200         __heap_limit
   47 00000200         
   48 00000200                 PRESERVE8
   49 00000200                 THUMB
   50 00000200         
   51 00000200         
   52 00000200         ; Vector Table Mapped to Address 0 at Reset
   53 00000200                 AREA             RESET, DATA, READONLY
   54 00000000                 EXPORT           __Vectors
   55 00000000                 EXPORT           __Vectors_End
   56 00000000                 EXPORT           __Vectors_Size
   57 00000000         
   58 00000000 00000000 
                       __Vectors
                               DCD              __initial_sp ; Top of Stack
   59 00000004 00000000        DCD              Reset_Handler ; Reset Handler
   60 00000008 00000000        DCD              NMI_Handler ; NMI Handler
   61 0000000C 00000000        DCD              HardFault_Handler ; Hard Fault 
                                                            Handler
   62 00000010 00000000        DCD              0           ; Reserved
   63 00000014 00000000        DCD              0           ; Reserved
   64 00000018 00000000        DCD              0           ; Reserved
   65 0000001C 00000000        DCD              0           ; Reserved
   66 00000020 00000000        DCD              0           ; Reserved
   67 00000024 00000000        DCD              0           ; Reserved
   68 00000028 00000000        DCD              0           ; Reserved
   69 0000002C 00000000        DCD              SVC_Handler ; SVCall Handler
   70 00000030 00000000        DCD              0           ; Reserved
   71 00000034 00000000        DCD              0           ; Reserved
   72 00000038 00000000        DCD              PendSV_Handler ; PendSV Handler
                                                            
   73 0000003C 00000000        DCD              SysTick_Handler 
                                                            ; SysTick Handler
   74 00000040         
   75 00000040         ; External Interrupts
   76 00000040 00000000        DCD              WWDT_IRQHandler 
                                                            ; Window Watchdog
   77 00000044 00000000        DCD              PVD_IRQHandler ; PVD through EI
                                                            NT Line detect
   78 00000048 00000000        DCD              RTC_IRQHandler ; RTC through EI
                                                            NT Line
   79 0000004C 00000000        DCD              FLASH_IRQHandler ; FLASH
   80 00000050 00000000        DCD              RCM_IRQHandler ; RCM
   81 00000054 00000000        DCD              EINT0_1_IRQHandler 
                                                            ; EINT Line 0 and 1
                                                            
   82 00000058 00000000        DCD              EINT2_3_IRQHandler 
                                                            ; EINT Line 2 and 3
                                                            
   83 0000005C 00000000        DCD              EINT4_15_IRQHandler 
                                                            ; EINT Line 4 to 15
                                                            
   84 00000060 00000000        DCD              TSC_IRQHandler ; TSC
   85 00000064 00000000        DCD              DMA1_CH1_IRQHandler 
                                                            ; DMA1 Channel 1
   86 00000068 00000000        DCD              DMA1_CH2_3_IRQHandler ; DMA1 Ch



ARM Macro Assembler    Page 3 


                                                            annel 2 and Channel
                                                             3
   87 0000006C 00000000        DCD              DMA1_CH4_5_IRQHandler ; DMA1 Ch
                                                            annel 4 and Channel
                                                             5
   88 00000070 00000000        DCD              ADC1_COMP_IRQHandler ; ADC1, CO
                                                            MP1 and COMP2
   89 00000074 00000000        DCD              TMR1_BRK_UP_TRG_COM_IRQHandler 
                                                            ; TMR1 Break, Updat
                                                            e, Trigger and Comm
                                                            utation
   90 00000078 00000000        DCD              TMR1_CC_IRQHandler ; TMR1 Captu
                                                            re Compare
   91 0000007C 00000000        DCD              TMR2_IRQHandler ; TMR2
   92 00000080 00000000        DCD              TMR3_IRQHandler ; TMR3
   93 00000084 00000000        DCD              TMR6_DAC_IRQHandler 
                                                            ; TMR6 and DAC
   94 00000088 00000000        DCD              0           ; Reserved
   95 0000008C 00000000        DCD              TMR14_IRQHandler ; TMR14
   96 00000090 00000000        DCD              TMR15_IRQHandler ; TMR15
   97 00000094 00000000        DCD              TMR16_IRQHandler ; TMR16
   98 00000098 00000000        DCD              TMR17_IRQHandler ; TMR17
   99 0000009C 00000000        DCD              I2C1_IRQHandler ; I2C1
  100 000000A0 00000000        DCD              I2C2_IRQHandler ; I2C2
  101 000000A4 00000000        DCD              SPI1_IRQHandler ; SPI1
  102 000000A8 00000000        DCD              SPI2_IRQHandler ; SPI2
  103 000000AC 00000000        DCD              USART1_IRQHandler ; USART1
  104 000000B0 00000000        DCD              USART2_IRQHandler ; USART2
  105 000000B4 00000000        DCD              0           ; Reserved
  106 000000B8 00000000        DCD              CEC_IRQHandler ; CEC
  107 000000BC         
  108 000000BC         __Vectors_End
  109 000000BC         
  110 000000BC 000000BC 
                       __Vectors_Size
                               EQU              __Vectors_End - __Vectors
  111 000000BC         
  112 000000BC                 AREA             |.text|, CODE, READONLY
  113 00000000         
  114 00000000         ; Reset handler routine
  115 00000000         Reset_Handler
                               PROC
  116 00000000                 EXPORT           Reset_Handler                 [
WEAK]
  117 00000000                 IMPORT           __main
  118 00000000                 IMPORT           SystemInit
  119 00000000 4804            LDR              R0, =SystemInit
  120 00000002 4780            BLX              R0
  121 00000004 4804            LDR              R0, =__main
  122 00000006 4700            BX               R0
  123 00000008                 ENDP
  124 00000008         
  125 00000008         ; Dummy Exception Handlers (infinite loops which can be 
                       modified)
  126 00000008         
  127 00000008         NMI_Handler
                               PROC
  128 00000008                 EXPORT           NMI_Handler                    
[WEAK]



ARM Macro Assembler    Page 4 


  129 00000008 E7FE            B                .
  130 0000000A                 ENDP
  132 0000000A         HardFault_Handler
                               PROC
  133 0000000A                 EXPORT           HardFault_Handler              
[WEAK]
  134 0000000A E7FE            B                .
  135 0000000C                 ENDP
  136 0000000C         SVC_Handler
                               PROC
  137 0000000C                 EXPORT           SVC_Handler                    
[WEAK]
  138 0000000C E7FE            B                .
  139 0000000E                 ENDP
  140 0000000E         PendSV_Handler
                               PROC
  141 0000000E                 EXPORT           PendSV_Handler                 
[WEAK]
  142 0000000E E7FE            B                .
  143 00000010                 ENDP
  144 00000010         SysTick_Handler
                               PROC
  145 00000010                 EXPORT           SysTick_Handler                
[WEAK]
  146 00000010 E7FE            B                .
  147 00000012                 ENDP
  148 00000012         
  149 00000012         Default_Handler
                               PROC
  150 00000012         
  151 00000012                 EXPORT           WWDT_IRQHandler                
[WEAK]
  152 00000012                 EXPORT           PVD_IRQHandler                 
[WEAK]
  153 00000012                 EXPORT           RTC_IRQHandler                 
[WEAK]
  154 00000012                 EXPORT           FLASH_IRQHandler               
[WEAK]
  155 00000012                 EXPORT           RCM_IRQHandler                 
[WEAK]
  156 00000012                 EXPORT           EINT0_1_IRQHandler             
[WEAK]
  157 00000012                 EXPORT           EINT2_3_IRQHandler             
[WEAK]
  158 00000012                 EXPORT           EINT4_15_IRQHandler            
[WEAK]
  159 00000012                 EXPORT           TSC_IRQHandler                 
[WEAK]
  160 00000012                 EXPORT           DMA1_CH1_IRQHandler            
[WEAK]
  161 00000012                 EXPORT           DMA1_CH2_3_IRQHandler          
[WEAK]
  162 00000012                 EXPORT           DMA1_CH4_5_IRQHandler          
[WEAK]
  163 00000012                 EXPORT           ADC1_COMP_IRQHandler           
[WEAK]
  164 00000012                 EXPORT           TMR1_BRK_UP_TRG_COM_IRQHandler 
[WEAK]
  165 00000012                 EXPORT           TMR1_CC_IRQHandler             



ARM Macro Assembler    Page 5 


[WEAK]
  166 00000012                 EXPORT           TMR2_IRQHandler                
[WEAK]
  167 00000012                 EXPORT           TMR3_IRQHandler                
[WEAK]
  168 00000012                 EXPORT           TMR6_DAC_IRQHandler            
[WEAK]
  169 00000012                 EXPORT           TMR14_IRQHandler               
[WEAK]
  170 00000012                 EXPORT           TMR15_IRQHandler               
[WEAK]
  171 00000012                 EXPORT           TMR16_IRQHandler               
[WEAK]
  172 00000012                 EXPORT           TMR17_IRQHandler               
[WEAK]
  173 00000012                 EXPORT           I2C1_IRQHandler                
[WEAK]
  174 00000012                 EXPORT           I2C2_IRQHandler                
[WEAK]
  175 00000012                 EXPORT           SPI1_IRQHandler                
[WEAK]
  176 00000012                 EXPORT           SPI2_IRQHandler                
[WEAK]
  177 00000012                 EXPORT           USART1_IRQHandler              
[WEAK]
  178 00000012                 EXPORT           USART2_IRQHandler              
[WEAK]
  179 00000012                 EXPORT           CEC_IRQHandler                 
[WEAK]
  180 00000012         
  181 00000012         
  182 00000012         WWDT_IRQHandler
  183 00000012         PVD_IRQHandler
  184 00000012         RTC_IRQHandler
  185 00000012         FLASH_IRQHandler
  186 00000012         RCM_IRQHandler
  187 00000012         EINT0_1_IRQHandler
  188 00000012         EINT2_3_IRQHandler
  189 00000012         EINT4_15_IRQHandler
  190 00000012         TSC_IRQHandler
  191 00000012         DMA1_CH1_IRQHandler
  192 00000012         DMA1_CH2_3_IRQHandler
  193 00000012         DMA1_CH4_5_IRQHandler
  194 00000012         ADC1_COMP_IRQHandler
  195 00000012         TMR1_BRK_UP_TRG_COM_IRQHandler
  196 00000012         TMR1_CC_IRQHandler
  197 00000012         TMR2_IRQHandler
  198 00000012         TMR3_IRQHandler
  199 00000012         TMR6_DAC_IRQHandler
  200 00000012         TMR14_IRQHandler
  201 00000012         TMR15_IRQHandler
  202 00000012         TMR16_IRQHandler
  203 00000012         TMR17_IRQHandler
  204 00000012         I2C1_IRQHandler
  205 00000012         I2C2_IRQHandler
  206 00000012         SPI1_IRQHandler
  207 00000012         SPI2_IRQHandler
  208 00000012         USART1_IRQHandler
  209 00000012         USART2_IRQHandler



ARM Macro Assembler    Page 6 


  210 00000012         CEC_IRQHandler
  211 00000012         
  212 00000012 E7FE            B                .
  213 00000014         
  214 00000014                 ENDP
  215 00000014         
  216 00000014                 ALIGN
  217 00000014         
  218 00000014         ;*******************************************************
                       ************************
  219 00000014         ; User Stack and Heap initialization
  220 00000014         ;*******************************************************
                       ************************
  221 00000014                 IF               :DEF:__MICROLIB
  222 00000014         
  223 00000014                 EXPORT           __initial_sp
  224 00000014                 EXPORT           __heap_base
  225 00000014                 EXPORT           __heap_limit
  226 00000014         
  227 00000014                 ELSE
  242                          ENDIF
  243 00000014         
  244 00000014                 END
              00000000 
              00000000 
Command Line: --debug --xref --diag_suppress=9931 --cpu=Cortex-M0+ --apcs=inter
work --depend=.\out\apm32f051\startup_apm32f051.d -o.\out\apm32f051\startup_apm
32f051.o -ID:\Keil_v5\ARM\Pack\Geehy\APM32F0xx_DFP\1.0.9\Device\Device\Geehy\AP
M32F0xx\Include --predefine="__MICROLIB SETA 1" --predefine="__UVISION_VERSION 
SETA 537" --predefine="APM32F051X6 SETA 1" --list=.\listings\apm32f051\startup_
apm32f051.lst ..\..\Source\startup_apm32f051.s



ARM Macro Assembler    Page 1 Alphabetic symbol ordering
Relocatable symbols

STACK 00000000

Symbol: STACK
   Definitions
      At line 32 in file ..\..\Source\startup_apm32f051.s
   Uses
      None
Comment: STACK unused
Stack_Mem 00000000

Symbol: Stack_Mem
   Definitions
      At line 33 in file ..\..\Source\startup_apm32f051.s
   Uses
      None
Comment: Stack_Mem unused
__initial_sp 00000400

Symbol: __initial_sp
   Definitions
      At line 34 in file ..\..\Source\startup_apm32f051.s
   Uses
      At line 58 in file ..\..\Source\startup_apm32f051.s
      At line 223 in file ..\..\Source\startup_apm32f051.s

3 symbols



ARM Macro Assembler    Page 1 Alphabetic symbol ordering
Relocatable symbols

HEAP 00000000

Symbol: HEAP
   Definitions
      At line 43 in file ..\..\Source\startup_apm32f051.s
   Uses
      None
Comment: HEAP unused
Heap_Mem 00000000

Symbol: Heap_Mem
   Definitions
      At line 45 in file ..\..\Source\startup_apm32f051.s
   Uses
      None
Comment: Heap_Mem unused
__heap_base 00000000

Symbol: __heap_base
   Definitions
      At line 44 in file ..\..\Source\startup_apm32f051.s
   Uses
      At line 224 in file ..\..\Source\startup_apm32f051.s
Comment: __heap_base used once
__heap_limit 00000200

Symbol: __heap_limit
   Definitions
      At line 46 in file ..\..\Source\startup_apm32f051.s
   Uses
      At line 225 in file ..\..\Source\startup_apm32f051.s
Comment: __heap_limit used once
4 symbols



ARM Macro Assembler    Page 1 Alphabetic symbol ordering
Relocatable symbols

RESET 00000000

Symbol: RESET
   Definitions
      At line 53 in file ..\..\Source\startup_apm32f051.s
   Uses
      None
Comment: RESET unused
__Vectors 00000000

Symbol: __Vectors
   Definitions
      At line 58 in file ..\..\Source\startup_apm32f051.s
   Uses
      At line 54 in file ..\..\Source\startup_apm32f051.s
      At line 110 in file ..\..\Source\startup_apm32f051.s

__Vectors_End 000000BC

Symbol: __Vectors_End
   Definitions
      At line 108 in file ..\..\Source\startup_apm32f051.s
   Uses
      At line 55 in file ..\..\Source\startup_apm32f051.s
      At line 110 in file ..\..\Source\startup_apm32f051.s

3 symbols



ARM Macro Assembler    Page 1 Alphabetic symbol ordering
Relocatable symbols

.text 00000000

Symbol: .text
   Definitions
      At line 112 in file ..\..\Source\startup_apm32f051.s
   Uses
      None
Comment: .text unused
ADC1_COMP_IRQHandler 00000012

Symbol: ADC1_COMP_IRQHandler
   Definitions
      At line 194 in file ..\..\Source\startup_apm32f051.s
   Uses
      At line 88 in file ..\..\Source\startup_apm32f051.s
      At line 163 in file ..\..\Source\startup_apm32f051.s

CEC_IRQHandler 00000012

Symbol: CEC_IRQHandler
   Definitions
      At line 210 in file ..\..\Source\startup_apm32f051.s
   Uses
      At line 106 in file ..\..\Source\startup_apm32f051.s
      At line 179 in file ..\..\Source\startup_apm32f051.s

DMA1_CH1_IRQHandler 00000012

Symbol: DMA1_CH1_IRQHandler
   Definitions
      At line 191 in file ..\..\Source\startup_apm32f051.s
   Uses
      At line 85 in file ..\..\Source\startup_apm32f051.s
      At line 160 in file ..\..\Source\startup_apm32f051.s

DMA1_CH2_3_IRQHandler 00000012

Symbol: DMA1_CH2_3_IRQHandler
   Definitions
      At line 192 in file ..\..\Source\startup_apm32f051.s
   Uses
      At line 86 in file ..\..\Source\startup_apm32f051.s
      At line 161 in file ..\..\Source\startup_apm32f051.s

DMA1_CH4_5_IRQHandler 00000012

Symbol: DMA1_CH4_5_IRQHandler
   Definitions
      At line 193 in file ..\..\Source\startup_apm32f051.s
   Uses
      At line 87 in file ..\..\Source\startup_apm32f051.s
      At line 162 in file ..\..\Source\startup_apm32f051.s

Default_Handler 00000012

Symbol: Default_Handler
   Definitions
      At line 149 in file ..\..\Source\startup_apm32f051.s
   Uses



ARM Macro Assembler    Page 2 Alphabetic symbol ordering
Relocatable symbols

      None
Comment: Default_Handler unused
EINT0_1_IRQHandler 00000012

Symbol: EINT0_1_IRQHandler
   Definitions
      At line 187 in file ..\..\Source\startup_apm32f051.s
   Uses
      At line 81 in file ..\..\Source\startup_apm32f051.s
      At line 156 in file ..\..\Source\startup_apm32f051.s

EINT2_3_IRQHandler 00000012

Symbol: EINT2_3_IRQHandler
   Definitions
      At line 188 in file ..\..\Source\startup_apm32f051.s
   Uses
      At line 82 in file ..\..\Source\startup_apm32f051.s
      At line 157 in file ..\..\Source\startup_apm32f051.s

EINT4_15_IRQHandler 00000012

Symbol: EINT4_15_IRQHandler
   Definitions
      At line 189 in file ..\..\Source\startup_apm32f051.s
   Uses
      At line 83 in file ..\..\Source\startup_apm32f051.s
      At line 158 in file ..\..\Source\startup_apm32f051.s

FLASH_IRQHandler 00000012

Symbol: FLASH_IRQHandler
   Definitions
      At line 185 in file ..\..\Source\startup_apm32f051.s
   Uses
      At line 79 in file ..\..\Source\startup_apm32f051.s
      At line 154 in file ..\..\Source\startup_apm32f051.s

HardFault_Handler 0000000A

Symbol: HardFault_Handler
   Definitions
      At line 132 in file ..\..\Source\startup_apm32f051.s
   Uses
      At line 61 in file ..\..\Source\startup_apm32f051.s
      At line 133 in file ..\..\Source\startup_apm32f051.s

I2C1_IRQHandler 00000012

Symbol: I2C1_IRQHandler
   Definitions
      At line 204 in file ..\..\Source\startup_apm32f051.s
   Uses
      At line 99 in file ..\..\Source\startup_apm32f051.s
      At line 173 in file ..\..\Source\startup_apm32f051.s

I2C2_IRQHandler 00000012

Symbol: I2C2_IRQHandler



ARM Macro Assembler    Page 3 Alphabetic symbol ordering
Relocatable symbols

   Definitions
      At line 205 in file ..\..\Source\startup_apm32f051.s
   Uses
      At line 100 in file ..\..\Source\startup_apm32f051.s
      At line 174 in file ..\..\Source\startup_apm32f051.s

NMI_Handler 00000008

Symbol: NMI_Handler
   Definitions
      At line 127 in file ..\..\Source\startup_apm32f051.s
   Uses
      At line 60 in file ..\..\Source\startup_apm32f051.s
      At line 128 in file ..\..\Source\startup_apm32f051.s

PVD_IRQHandler 00000012

Symbol: PVD_IRQHandler
   Definitions
      At line 183 in file ..\..\Source\startup_apm32f051.s
   Uses
      At line 77 in file ..\..\Source\startup_apm32f051.s
      At line 152 in file ..\..\Source\startup_apm32f051.s

PendSV_Handler 0000000E

Symbol: PendSV_Handler
   Definitions
      At line 140 in file ..\..\Source\startup_apm32f051.s
   Uses
      At line 72 in file ..\..\Source\startup_apm32f051.s
      At line 141 in file ..\..\Source\startup_apm32f051.s

RCM_IRQHandler 00000012

Symbol: RCM_IRQHandler
   Definitions
      At line 186 in file ..\..\Source\startup_apm32f051.s
   Uses
      At line 80 in file ..\..\Source\startup_apm32f051.s
      At line 155 in file ..\..\Source\startup_apm32f051.s

RTC_IRQHandler 00000012

Symbol: RTC_IRQHandler
   Definitions
      At line 184 in file ..\..\Source\startup_apm32f051.s
   Uses
      At line 78 in file ..\..\Source\startup_apm32f051.s
      At line 153 in file ..\..\Source\startup_apm32f051.s

Reset_Handler 00000000

Symbol: Reset_Handler
   Definitions
      At line 115 in file ..\..\Source\startup_apm32f051.s
   Uses
      At line 59 in file ..\..\Source\startup_apm32f051.s
      At line 116 in file ..\..\Source\startup_apm32f051.s



ARM Macro Assembler    Page 4 Alphabetic symbol ordering
Relocatable symbols


SPI1_IRQHandler 00000012

Symbol: SPI1_IRQHandler
   Definitions
      At line 206 in file ..\..\Source\startup_apm32f051.s
   Uses
      At line 101 in file ..\..\Source\startup_apm32f051.s
      At line 175 in file ..\..\Source\startup_apm32f051.s

SPI2_IRQHandler 00000012

Symbol: SPI2_IRQHandler
   Definitions
      At line 207 in file ..\..\Source\startup_apm32f051.s
   Uses
      At line 102 in file ..\..\Source\startup_apm32f051.s
      At line 176 in file ..\..\Source\startup_apm32f051.s

SVC_Handler 0000000C

Symbol: SVC_Handler
   Definitions
      At line 136 in file ..\..\Source\startup_apm32f051.s
   Uses
      At line 69 in file ..\..\Source\startup_apm32f051.s
      At line 137 in file ..\..\Source\startup_apm32f051.s

SysTick_Handler 00000010

Symbol: SysTick_Handler
   Definitions
      At line 144 in file ..\..\Source\startup_apm32f051.s
   Uses
      At line 73 in file ..\..\Source\startup_apm32f051.s
      At line 145 in file ..\..\Source\startup_apm32f051.s

TMR14_IRQHandler 00000012

Symbol: TMR14_IRQHandler
   Definitions
      At line 200 in file ..\..\Source\startup_apm32f051.s
   Uses
      At line 95 in file ..\..\Source\startup_apm32f051.s
      At line 169 in file ..\..\Source\startup_apm32f051.s

TMR15_IRQHandler 00000012

Symbol: TMR15_IRQHandler
   Definitions
      At line 201 in file ..\..\Source\startup_apm32f051.s
   Uses
      At line 96 in file ..\..\Source\startup_apm32f051.s
      At line 170 in file ..\..\Source\startup_apm32f051.s

TMR16_IRQHandler 00000012

Symbol: TMR16_IRQHandler
   Definitions



ARM Macro Assembler    Page 5 Alphabetic symbol ordering
Relocatable symbols

      At line 202 in file ..\..\Source\startup_apm32f051.s
   Uses
      At line 97 in file ..\..\Source\startup_apm32f051.s
      At line 171 in file ..\..\Source\startup_apm32f051.s

TMR17_IRQHandler 00000012

Symbol: TMR17_IRQHandler
   Definitions
      At line 203 in file ..\..\Source\startup_apm32f051.s
   Uses
      At line 98 in file ..\..\Source\startup_apm32f051.s
      At line 172 in file ..\..\Source\startup_apm32f051.s

TMR1_BRK_UP_TRG_COM_IRQHandler 00000012

Symbol: TMR1_BRK_UP_TRG_COM_IRQHandler
   Definitions
      At line 195 in file ..\..\Source\startup_apm32f051.s
   Uses
      At line 89 in file ..\..\Source\startup_apm32f051.s
      At line 164 in file ..\..\Source\startup_apm32f051.s

TMR1_CC_IRQHandler 00000012

Symbol: TMR1_CC_IRQHandler
   Definitions
      At line 196 in file ..\..\Source\startup_apm32f051.s
   Uses
      At line 90 in file ..\..\Source\startup_apm32f051.s
      At line 165 in file ..\..\Source\startup_apm32f051.s

TMR2_IRQHandler 00000012

Symbol: TMR2_IRQHandler
   Definitions
      At line 197 in file ..\..\Source\startup_apm32f051.s
   Uses
      At line 91 in file ..\..\Source\startup_apm32f051.s
      At line 166 in file ..\..\Source\startup_apm32f051.s

TMR3_IRQHandler 00000012

Symbol: TMR3_IRQHandler
   Definitions
      At line 198 in file ..\..\Source\startup_apm32f051.s
   Uses
      At line 92 in file ..\..\Source\startup_apm32f051.s
      At line 167 in file ..\..\Source\startup_apm32f051.s

TMR6_DAC_IRQHandler 00000012

Symbol: TMR6_DAC_IRQHandler
   Definitions
      At line 199 in file ..\..\Source\startup_apm32f051.s
   Uses
      At line 93 in file ..\..\Source\startup_apm32f051.s
      At line 168 in file ..\..\Source\startup_apm32f051.s




ARM Macro Assembler    Page 6 Alphabetic symbol ordering
Relocatable symbols

TSC_IRQHandler 00000012

Symbol: TSC_IRQHandler
   Definitions
      At line 190 in file ..\..\Source\startup_apm32f051.s
   Uses
      At line 84 in file ..\..\Source\startup_apm32f051.s
      At line 159 in file ..\..\Source\startup_apm32f051.s

USART1_IRQHandler 00000012

Symbol: USART1_IRQHandler
   Definitions
      At line 208 in file ..\..\Source\startup_apm32f051.s
   Uses
      At line 103 in file ..\..\Source\startup_apm32f051.s
      At line 177 in file ..\..\Source\startup_apm32f051.s

USART2_IRQHandler 00000012

Symbol: USART2_IRQHandler
   Definitions
      At line 209 in file ..\..\Source\startup_apm32f051.s
   Uses
      At line 104 in file ..\..\Source\startup_apm32f051.s
      At line 178 in file ..\..\Source\startup_apm32f051.s

WWDT_IRQHandler 00000012

Symbol: WWDT_IRQHandler
   Definitions
      At line 182 in file ..\..\Source\startup_apm32f051.s
   Uses
      At line 76 in file ..\..\Source\startup_apm32f051.s
      At line 151 in file ..\..\Source\startup_apm32f051.s

37 symbols



ARM Macro Assembler    Page 1 Alphabetic symbol ordering
Absolute symbols

Heap_Size 00000200

Symbol: Heap_Size
   Definitions
      At line 41 in file ..\..\Source\startup_apm32f051.s
   Uses
      At line 45 in file ..\..\Source\startup_apm32f051.s
Comment: Heap_Size used once
Stack_Size 00000400

Symbol: Stack_Size
   Definitions
      At line 30 in file ..\..\Source\startup_apm32f051.s
   Uses
      At line 33 in file ..\..\Source\startup_apm32f051.s
Comment: Stack_Size used once
__Vectors_Size 000000BC

Symbol: __Vectors_Size
   Definitions
      At line 110 in file ..\..\Source\startup_apm32f051.s
   Uses
      At line 56 in file ..\..\Source\startup_apm32f051.s
Comment: __Vectors_Size used once
3 symbols



ARM Macro Assembler    Page 1 Alphabetic symbol ordering
External symbols

SystemInit 00000000

Symbol: SystemInit
   Definitions
      At line 118 in file ..\..\Source\startup_apm32f051.s
   Uses
      At line 119 in file ..\..\Source\startup_apm32f051.s
Comment: SystemInit used once
__main 00000000

Symbol: __main
   Definitions
      At line 117 in file ..\..\Source\startup_apm32f051.s
   Uses
      At line 121 in file ..\..\Source\startup_apm32f051.s
Comment: __main used once
2 symbols
387 symbols in table
